[debug] [2023-12-15T10:43:35.060Z] ----------------------------------------------------------------------
[debug] [2023-12-15T10:43:35.062Z] Command:       C:\Program Files\nodejs\node.exe C:\Users\Ivan\AppData\Roaming\npm\node_modules\firebase-tools\lib\bin\firebase.js init
[debug] [2023-12-15T10:43:35.062Z] CLI Version:   13.0.2
[debug] [2023-12-15T10:43:35.063Z] Platform:      win32
[debug] [2023-12-15T10:43:35.063Z] Node Version:  v18.17.0
[debug] [2023-12-15T10:43:35.064Z] Time:          Fri Dec 15 2023 12:43:35 GMT+0200 (за східноєвропейським стандартним часом)
[debug] [2023-12-15T10:43:35.064Z] ----------------------------------------------------------------------
[debug] 
[debug] [2023-12-15T10:43:35.067Z] >>> [apiv2][query] GET https://firebase-public.firebaseio.com/cli.json [none]
[debug] [2023-12-15T10:43:35.110Z] > command requires scopes: ["email","openid","https://www.googleapis.com/auth/cloudplatformprojects.readonly","https://www.googleapis.com/auth/firebase","https://www.googleapis.com/auth/cloud-platform"]
[debug] [2023-12-15T10:43:35.110Z] > authorizing via signed-in user (ivasykkozak611@gmail.com)
[info] 
     ######## #### ########  ######## ########     ###     ######  ########
     ##        ##  ##     ## ##       ##     ##  ##   ##  ##       ##
     ######    ##  ########  ######   ########  #########  ######  ######
     ##        ##  ##    ##  ##       ##     ## ##     ##       ## ##
     ##       #### ##     ## ######## ########  ##     ##  ######  ########

You're about to initialize a Firebase project in this directory:

  C:\Users\Ivan\WebstormProjects\expenses_tracker

[debug] [2023-12-15T10:43:35.511Z] <<< [apiv2][status] GET https://firebase-public.firebaseio.com/cli.json 200
[debug] [2023-12-15T10:43:35.512Z] <<< [apiv2][body] GET https://firebase-public.firebaseio.com/cli.json {"cloudBuildErrorAfter":1594252800000,"cloudBuildWarnAfter":1590019200000,"defaultNode10After":1594252800000,"minVersion":"3.0.5","node8DeploysDisabledAfter":1613390400000,"node8RuntimeDisabledAfter":1615809600000,"node8WarnAfter":1600128000000}
